##########################################################################
#
# Application : compile_simlib (2018.2_AR71275_op)
# File name   : compile_simlib.log
#
# #########################################################################
INFO: [Vivado 12-4753] Extracting data from the IP repository...(this may take a while, please wait)...
.......................................................................................................
.......................................................................................................
.......................................................................................................
.......................................................................................................
.......................................................................................................
.......................................................................................................
.......................................................................................................
.......................................................................................................
.............................................................
INFO: [setup_ip_static_library-Tcl-23] Data extracted from repository. Inspected 442 IP libraries.

INFO: [Vivado 12-5496] Finding simulator executables and checking version...
ERROR: [Vivado 12-3754] Failed to find the 'questasim' simulator executable. Make sure to set the 'questasim' installation environment and retry this command to compile the libraries for this simulator. For more information on tool setup refer 'questasim' user guide.
Library compilation for 'questasim' ignored.
