#-----------------------------------------------------------
# Vivado v2018.2_AR71275_op (64-bit)
# SW Build 2258646 on Thu Jun 14 20:02:38 MDT 2018
# IP Build 2256618 on Thu Jun 14 22:10:49 MDT 2018
# Start of session at: Sat Apr 20 17:21:58 2019
# Process ID: 4164
# Current directory: /home/centos/guide/aws-fpga/hdk/cl/examples/cl_hello_world/verif/sim/questa
# Command line: vivado -mode batch -source create_libs.tcl
# Log file: /home/centos/guide/aws-fpga/hdk/cl/examples/cl_hello_world/verif/sim/questa/vivado.log
# Journal file: /home/centos/guide/aws-fpga/hdk/cl/examples/cl_hello_world/verif/sim/questa/vivado.jou
#-----------------------------------------------------------
source create_libs.tcl
# compile_simlib -language all -dir /home/centos/guide/aws-fpga/hdk/cl/examples/cl_hello_world/verif/scripts/../../verif/sim/questa/questa_complib -simulator questa -library all -family  all
INFO: [Vivado 12-4753] Extracting data from the IP repository...(this may take a while, please wait)...
.......................................................................................................
.......................................................................................................
.......................................................................................................
.......................................................................................................
.......................................................................................................
.......................................................................................................
.......................................................................................................
.......................................................................................................
.............................................................
INFO: [setup_ip_static_library-Tcl-23] Data extracted from repository. Inspected 442 IP libraries.

INFO: [Vivado 12-5496] Finding simulator executables and checking version...
ERROR: [Vivado 12-3754] Failed to find the 'questasim' simulator executable. Make sure to set the 'questasim' installation environment and retry this command to compile the libraries for this simulator. For more information on tool setup refer 'questasim' user guide.
Library compilation for 'questasim' ignored.
compile_simlib: Time (s): cpu = 00:00:57 ; elapsed = 00:01:11 . Memory (MB): peak = 1581.824 ; gain = 289.461 ; free physical = 29013 ; free virtual = 67149
ERROR: [Common 17-39] 'compile_simlib' failed due to earlier errors.

    while executing
"compile_simlib -language all -dir /home/centos/guide/aws-fpga/hdk/cl/examples/cl_hello_world/verif/scripts/../../verif/sim/questa/questa_complib -simu..."
    (file "create_libs.tcl" line 1)
INFO: [Common 17-206] Exiting Vivado at Sat Apr 20 17:23:16 2019...
